<?xml version="1.0" encoding="UTF-8"?>
<testng-results ignored="0" total="1" passed="1" failed="0" skipped="0">
  <reporter-output>
  </reporter-output>
  <suite started-at="2020-01-09T11:19:45 IST" name="Suite" finished-at="2020-01-09T11:19:56 IST" duration-ms="11267">
    <groups>
    </groups>
    <test started-at="2020-01-09T11:19:45 IST" name="Test" finished-at="2020-01-09T11:19:56 IST" duration-ms="11267">
      <class name="maven.sampleProgram">
        <test-method signature="f()[pri:0, instance:maven.sampleProgram@2f112965]" started-at="2020-01-09T11:19:45 IST" name="f" finished-at="2020-01-09T11:19:56 IST" duration-ms="11212" status="PASS">
          <reporter-output>
          </reporter-output>
        </test-method> <!-- f -->
      </class> <!-- maven.sampleProgram -->
    </test> <!-- Test -->
  </suite> <!-- Suite -->
</testng-results>
